07:00:29,723 root INFO Training - baseline: {'lr': 0.01, 'epochs': 25, 'batchSize': 256}
07:01:10,851 root INFO Training - baseline: {'lr': 0.01, 'epochs': 25, 'batchSize': 256}
07:01:14,813 root INFO Validation metrics: 
    Accuracy: 0.7335
    Recall: 0.7156
    Precision: 0.7465.
07:01:14,814 root INFO Results - Best accuracy on test: 72.7536, finished on 71.1086
07:01:14,814 root INFO Training - baseline: {'lr': 0.01, 'epochs': 25, 'batchSize': 512}
07:01:17,514 root INFO Validation metrics: 
    Accuracy: 0.7193
    Recall: 0.8131
    Precision: 0.6881.
07:01:17,514 root INFO Results - Best accuracy on test: 72.7958, finished on 71.3826
07:01:17,514 root INFO Training - baseline: {'lr': 0.01, 'epochs': 25, 'batchSize': 99999}
07:01:19,965 root INFO Validation metrics: 
    Accuracy: 0.7362
    Recall: 0.6769
    Precision: 0.7729.
07:01:19,966 root INFO Results - Best accuracy on test: 72.6721, finished on 70.9852
07:01:19,966 root INFO Training - baseline: {'lr': 0.01, 'epochs': 50, 'batchSize': 256}
07:01:28,299 root INFO Validation metrics: 
    Accuracy: 0.7173
    Recall: 0.769
    Precision: 0.7007.
07:01:28,299 root INFO Results - Best accuracy on test: 72.7362, finished on 70.9352
07:01:28,299 root INFO Training - baseline: {'lr': 0.01, 'epochs': 50, 'batchSize': 512}
07:01:33,876 root INFO Validation metrics: 
    Accuracy: 0.7146
    Recall: 0.7877
    Precision: 0.6909.
07:01:33,877 root INFO Results - Best accuracy on test: 71.8577, finished on 70.8427
07:01:33,877 root INFO Training - baseline: {'lr': 0.01, 'epochs': 50, 'batchSize': 99999}
07:01:38,468 root INFO Validation metrics: 
    Accuracy: 0.7402
    Recall: 0.725
    Precision: 0.7521.
07:01:38,469 root INFO Results - Best accuracy on test: 72.3347, finished on 71.39
07:01:38,469 root INFO Training - baseline: {'lr': 0.01, 'epochs': 100, 'batchSize': 256}
07:01:52,473 root INFO Validation metrics: 
    Accuracy: 0.7227
    Recall: 0.8064
    Precision: 0.6943.
07:01:52,473 root INFO Results - Best accuracy on test: 73.0662, finished on 70.9133
07:01:52,473 root INFO Training - baseline: {'lr': 0.01, 'epochs': 100, 'batchSize': 512}
07:02:01,870 root INFO Validation metrics: 
    Accuracy: 0.7179
    Recall: 0.6475
    Precision: 0.759.
07:02:01,870 root INFO Results - Best accuracy on test: 72.6349, finished on 69.529
07:02:01,870 root INFO Training - baseline: {'lr': 0.01, 'epochs': 100, 'batchSize': 99999}
07:02:09,251 root INFO Validation metrics: 
    Accuracy: 0.7193
    Recall: 0.7717
    Precision: 0.7023.
07:02:09,251 root INFO Results - Best accuracy on test: 72.6046, finished on 70.7827
07:02:09,251 root INFO Training - baseline: {'lr': 0.01, 'epochs': 200, 'batchSize': 256}
07:02:35,197 root INFO Validation metrics: 
    Accuracy: 0.7058
    Recall: 0.7009
    Precision: 0.7123.
07:02:35,198 root INFO Results - Best accuracy on test: 72.3198, finished on 71.1086
07:02:35,199 root INFO Training - baseline: {'lr': 0.01, 'epochs': 200, 'batchSize': 512}
07:02:55,747 root INFO Validation metrics: 
    Accuracy: 0.7146
    Recall: 0.7784
    Precision: 0.694.
07:02:55,748 root INFO Results - Best accuracy on test: 72.4666, finished on 69.9654
07:02:55,748 root INFO Training - baseline: {'lr': 0.01, 'epochs': 200, 'batchSize': 99999}
07:03:13,75 root INFO Validation metrics: 
    Accuracy: 0.7233
    Recall: 0.6595
    Precision: 0.7612.
07:03:13,75 root INFO Results - Best accuracy on test: 72.942, finished on 68.9609
07:03:13,75 root INFO Training - baseline: {'lr': 0.005, 'epochs': 25, 'batchSize': 256}
07:03:16,651 root INFO Validation metrics: 
    Accuracy: 0.7335
    Recall: 0.6929
    Precision: 0.7588.
07:03:16,651 root INFO Results - Best accuracy on test: 72.5106, finished on 72.2025
07:03:16,651 root INFO Training - baseline: {'lr': 0.005, 'epochs': 25, 'batchSize': 512}
07:03:19,208 root INFO Validation metrics: 
    Accuracy: 0.7206
    Recall: 0.773
    Precision: 0.7035.
07:03:19,208 root INFO Results - Best accuracy on test: 72.0877, finished on 71.5282
07:03:19,208 root INFO Training - baseline: {'lr': 0.005, 'epochs': 25, 'batchSize': 99999}
07:03:21,390 root INFO Validation metrics: 
    Accuracy: 0.7328
    Recall: 0.7303
    Precision: 0.7382.
07:03:21,391 root INFO Results - Best accuracy on test: 73.0769, finished on 71.39
07:03:21,392 root INFO Training - baseline: {'lr': 0.005, 'epochs': 50, 'batchSize': 256}
07:03:29,186 root INFO Validation metrics: 
    Accuracy: 0.724
    Recall: 0.6756
    Precision: 0.753.
07:03:29,187 root INFO Results - Best accuracy on test: 72.78, finished on 71.7255
07:03:29,187 root INFO Training - baseline: {'lr': 0.005, 'epochs': 50, 'batchSize': 512}
07:03:34,313 root INFO Validation metrics: 
    Accuracy: 0.7308
    Recall: 0.7343
    Precision: 0.7333.
07:03:34,313 root INFO Results - Best accuracy on test: 72.3097, finished on 72.1144
07:03:34,313 root INFO Training - baseline: {'lr': 0.005, 'epochs': 50, 'batchSize': 99999}
07:03:38,657 root INFO Validation metrics: 
    Accuracy: 0.722
    Recall: 0.7437
    Precision: 0.7169.
07:03:38,657 root INFO Results - Best accuracy on test: 73.0769, finished on 72.2672
07:03:38,657 root INFO Training - baseline: {'lr': 0.005, 'epochs': 100, 'batchSize': 256}
07:03:54,166 root INFO Validation metrics: 
    Accuracy: 0.7186
    Recall: 0.6916
    Precision: 0.7358.
07:03:54,166 root INFO Results - Best accuracy on test: 73.0836, finished on 70.5877
07:03:54,167 root INFO Training - baseline: {'lr': 0.005, 'epochs': 100, 'batchSize': 512}
07:04:04,885 root INFO Validation metrics: 
    Accuracy: 0.7247
    Recall: 0.777
    Precision: 0.7072.
07:04:04,885 root INFO Results - Best accuracy on test: 72.9912, finished on 71.4093
07:04:04,885 root INFO Training - baseline: {'lr': 0.005, 'epochs': 100, 'batchSize': 99999}
07:04:13,756 root INFO Validation metrics: 
    Accuracy: 0.7274
    Recall: 0.7677
    Precision: 0.7143.
07:04:13,756 root INFO Results - Best accuracy on test: 72.4696, finished on 72.2672
07:04:13,757 root INFO Training - baseline: {'lr': 0.005, 'epochs': 200, 'batchSize': 256}
07:04:45,462 root INFO Validation metrics: 
    Accuracy: 0.7099
    Recall: 0.6382
    Precision: 0.7504.
07:04:45,462 root INFO Results - Best accuracy on test: 72.7671, finished on 68.3394
07:04:45,462 root INFO Training - baseline: {'lr': 0.005, 'epochs': 200, 'batchSize': 512}
07:05:07,294 root INFO Validation metrics: 
    Accuracy: 0.7146
    Recall: 0.6555
    Precision: 0.7485.
07:05:07,294 root INFO Results - Best accuracy on test: 72.9684, finished on 70.8043
07:05:07,295 root INFO Training - baseline: {'lr': 0.005, 'epochs': 200, 'batchSize': 99999}
07:05:25,472 root INFO Validation metrics: 
    Accuracy: 0.7193
    Recall: 0.7664
    Precision: 0.7043.
07:05:25,473 root INFO Results - Best accuracy on test: 73.0769, finished on 71.3225
07:05:25,473 root INFO Training - baseline: {'lr': 0.001, 'epochs': 25, 'batchSize': 256}
07:05:29,441 root INFO Validation metrics: 
    Accuracy: 0.7267
    Recall: 0.7089
    Precision: 0.7396.
07:05:29,441 root INFO Results - Best accuracy on test: 72.5112, finished on 71.8247
07:05:29,441 root INFO Training - baseline: {'lr': 0.001, 'epochs': 25, 'batchSize': 512}
07:05:32,320 root INFO Validation metrics: 
    Accuracy: 0.7335
    Recall: 0.713
    Precision: 0.7479.
07:05:32,321 root INFO Results - Best accuracy on test: 72.6733, finished on 71.9228
07:05:32,321 root INFO Training - baseline: {'lr': 0.001, 'epochs': 25, 'batchSize': 99999}
07:05:34,550 root INFO Validation metrics: 
    Accuracy: 0.6754
    Recall: 0.6809
    Precision: 0.6782.
07:05:34,550 root INFO Results - Best accuracy on test: 68.1511, finished on 68.1511
07:05:34,550 root INFO Training - baseline: {'lr': 0.001, 'epochs': 50, 'batchSize': 256}
07:05:42,593 root INFO Validation metrics: 
    Accuracy: 0.7267
    Recall: 0.7276
    Precision: 0.7306.
07:05:42,593 root INFO Results - Best accuracy on test: 72.9405, finished on 72.4364
07:05:42,593 root INFO Training - baseline: {'lr': 0.001, 'epochs': 50, 'batchSize': 512}
07:05:48,311 root INFO Validation metrics: 
    Accuracy: 0.7227
    Recall: 0.7717
    Precision: 0.7066.
07:05:48,311 root INFO Results - Best accuracy on test: 72.6963, finished on 72.0641
07:05:48,311 root INFO Training - baseline: {'lr': 0.001, 'epochs': 50, 'batchSize': 99999}
07:05:52,840 root INFO Validation metrics: 
    Accuracy: 0.7247
    Recall: 0.6996
    Precision: 0.7412.
07:05:52,840 root INFO Results - Best accuracy on test: 71.525, finished on 70.5128
07:05:52,841 root INFO Training - baseline: {'lr': 0.001, 'epochs': 100, 'batchSize': 256}
07:06:09,305 root INFO Validation metrics: 
    Accuracy: 0.7206
    Recall: 0.7009
    Precision: 0.7343.
07:06:09,305 root INFO Results - Best accuracy on test: 73.1532, finished on 69.8626
07:06:09,306 root INFO Training - baseline: {'lr': 0.001, 'epochs': 100, 'batchSize': 512}
07:06:20,197 root INFO Validation metrics: 
    Accuracy: 0.7166
    Recall: 0.7276
    Precision: 0.7162.
07:06:20,197 root INFO Results - Best accuracy on test: 72.8075, finished on 71.3979
07:06:20,197 root INFO Training - baseline: {'lr': 0.001, 'epochs': 100, 'batchSize': 99999}
07:06:29,429 root INFO Validation metrics: 
    Accuracy: 0.7429
    Recall: 0.741
    Precision: 0.748.
07:06:29,430 root INFO Results - Best accuracy on test: 73.1444, finished on 72.6046
07:06:29,430 root INFO Training - baseline: {'lr': 0.001, 'epochs': 200, 'batchSize': 256}
07:07:01,257 root INFO Validation metrics: 
    Accuracy: 0.7206
    Recall: 0.6489
    Precision: 0.763.
07:07:01,258 root INFO Results - Best accuracy on test: 73.2577, finished on 68.4393
07:07:01,258 root INFO Training - baseline: {'lr': 0.001, 'epochs': 200, 'batchSize': 512}
07:07:23,128 root INFO Validation metrics: 
    Accuracy: 0.7105
    Recall: 0.6529
    Precision: 0.7432.
07:07:23,128 root INFO Results - Best accuracy on test: 73.0102, finished on 69.1764
07:07:23,128 root INFO Training - baseline: {'lr': 0.001, 'epochs': 200, 'batchSize': 99999}
07:07:41,96 root INFO Validation metrics: 
    Accuracy: 0.7227
    Recall: 0.7089
    Precision: 0.7334.
07:07:41,96 root INFO Results - Best accuracy on test: 73.3468, finished on 72.0648
07:07:41,96 root INFO Training - baseline: {'lr': 0.0005, 'epochs': 25, 'batchSize': 256}
07:07:45,266 root INFO Validation metrics: 
    Accuracy: 0.7308
    Recall: 0.6889
    Precision: 0.7566.
07:07:45,267 root INFO Results - Best accuracy on test: 71.9723, finished on 70.5529
07:07:45,267 root INFO Training - baseline: {'lr': 0.0005, 'epochs': 25, 'batchSize': 512}
07:07:48,35 root INFO Validation metrics: 
    Accuracy: 0.7281
    Recall: 0.733
    Precision: 0.7301.
07:07:48,36 root INFO Results - Best accuracy on test: 72.6924, finished on 71.9532
07:07:48,36 root INFO Training - baseline: {'lr': 0.0005, 'epochs': 25, 'batchSize': 99999}
07:07:50,280 root INFO Validation metrics: 
    Accuracy: 0.5789
    Recall: 0.227
    Precision: 0.7907.
07:07:50,281 root INFO Results - Best accuracy on test: 58.2996, finished on 58.2996
07:07:50,281 root INFO Training - baseline: {'lr': 0.0005, 'epochs': 50, 'batchSize': 256}
07:07:59,98 root INFO Validation metrics: 
    Accuracy: 0.7335
    Recall: 0.7437
    Precision: 0.7329.
07:07:59,98 root INFO Results - Best accuracy on test: 72.4629, finished on 71.8808
07:07:59,98 root INFO Training - baseline: {'lr': 0.0005, 'epochs': 50, 'batchSize': 512}
07:08:04,544 root INFO Validation metrics: 
    Accuracy: 0.7335
    Recall: 0.7103
    Precision: 0.7493.
07:08:04,545 root INFO Results - Best accuracy on test: 72.658, finished on 72.3973
07:08:04,545 root INFO Training - baseline: {'lr': 0.0005, 'epochs': 50, 'batchSize': 99999}
07:08:08,941 root INFO Validation metrics: 
    Accuracy: 0.6417
    Recall: 0.6662
    Precision: 0.6397.
07:08:08,941 root INFO Results - Best accuracy on test: 63.9001, finished on 63.4953
07:08:08,941 root INFO Training - baseline: {'lr': 0.0005, 'epochs': 100, 'batchSize': 256}
07:08:25,948 root INFO Validation metrics: 
    Accuracy: 0.7294
    Recall: 0.7236
    Precision: 0.7364.
07:08:25,948 root INFO Results - Best accuracy on test: 72.7278, finished on 71.6468
07:08:25,948 root INFO Training - baseline: {'lr': 0.0005, 'epochs': 100, 'batchSize': 512}
07:08:37,349 root INFO Validation metrics: 
    Accuracy: 0.7335
    Recall: 0.7156
    Precision: 0.7465.
07:08:37,350 root INFO Results - Best accuracy on test: 73.2135, finished on 71.1873
07:08:37,350 root INFO Training - baseline: {'lr': 0.0005, 'epochs': 100, 'batchSize': 99999}
07:08:46,433 root INFO Validation metrics: 
    Accuracy: 0.724
    Recall: 0.6956
    Precision: 0.7422.
07:08:46,434 root INFO Results - Best accuracy on test: 72.1997, finished on 70.7152
07:08:46,434 root INFO Training - baseline: {'lr': 0.0005, 'epochs': 200, 'batchSize': 256}
07:09:19,960 root INFO Validation metrics: 
    Accuracy: 0.7213
    Recall: 0.7049
    Precision: 0.7333.
07:09:19,961 root INFO Results - Best accuracy on test: 73.1532, finished on 71.5688
07:09:19,961 root INFO Training - baseline: {'lr': 0.0005, 'epochs': 200, 'batchSize': 512}
07:09:42,316 root INFO Validation metrics: 
    Accuracy: 0.72
    Recall: 0.6689
    Precision: 0.75.
07:09:42,316 root INFO Results - Best accuracy on test: 73.309, finished on 71.3559
07:09:42,316 root INFO Training - baseline: {'lr': 0.0005, 'epochs': 200, 'batchSize': 99999}
07:10:00,589 root INFO Validation metrics: 
    Accuracy: 0.7328
    Recall: 0.7303
    Precision: 0.7382.
07:10:00,590 root INFO Results - Best accuracy on test: 72.6721, finished on 72.6721
07:10:00,590 root INFO Training - small: {'lr': 0.01, 'epochs': 25, 'batchSize': 256}
07:10:04,40 root INFO Validation metrics: 
    Accuracy: 0.7416
    Recall: 0.6903
    Precision: 0.774.
07:10:04,41 root INFO Results - Best accuracy on test: 72.8451, finished on 72.0548
07:10:04,41 root INFO Training - small: {'lr': 0.01, 'epochs': 25, 'batchSize': 512}
07:10:06,598 root INFO Validation metrics: 
    Accuracy: 0.7362
    Recall: 0.7397
    Precision: 0.7387.
07:10:06,598 root INFO Results - Best accuracy on test: 72.8686, finished on 72.1869
07:10:06,598 root INFO Training - small: {'lr': 0.01, 'epochs': 25, 'batchSize': 99999}
07:10:08,810 root INFO Validation metrics: 
    Accuracy: 0.7375
    Recall: 0.725
    Precision: 0.7479.
07:10:08,810 root INFO Results - Best accuracy on test: 72.3347, finished on 72.0648
07:10:08,810 root INFO Training - small: {'lr': 0.01, 'epochs': 50, 'batchSize': 256}
07:10:15,854 root INFO Validation metrics: 
    Accuracy: 0.726
    Recall: 0.7383
    Precision: 0.7248.
07:10:15,854 root INFO Results - Best accuracy on test: 73.0797, finished on 71.7989
07:10:15,854 root INFO Training - small: {'lr': 0.01, 'epochs': 50, 'batchSize': 512}
07:10:20,864 root INFO Validation metrics: 
    Accuracy: 0.7362
    Recall: 0.7437
    Precision: 0.7368.
07:10:20,864 root INFO Results - Best accuracy on test: 72.7958, finished on 72.5394
07:10:20,864 root INFO Training - small: {'lr': 0.01, 'epochs': 50, 'batchSize': 99999}
07:10:25,190 root INFO Validation metrics: 
    Accuracy: 0.7382
    Recall: 0.7076
    Precision: 0.7582.
07:10:25,191 root INFO Results - Best accuracy on test: 72.8745, finished on 72.8745
07:10:25,191 root INFO Training - small: {'lr': 0.01, 'epochs': 100, 'batchSize': 256}
07:10:38,887 root INFO Validation metrics: 
    Accuracy: 0.7267
    Recall: 0.7103
    Precision: 0.7389.
07:10:38,887 root INFO Results - Best accuracy on test: 72.7755, finished on 70.718
07:10:38,887 root INFO Training - small: {'lr': 0.01, 'epochs': 100, 'batchSize': 512}
07:10:48,837 root INFO Validation metrics: 
    Accuracy: 0.7281
    Recall: 0.7236
    Precision: 0.7344.
07:10:48,837 root INFO Results - Best accuracy on test: 72.7654, finished on 71.4824
07:10:48,838 root INFO Training - small: {'lr': 0.01, 'epochs': 100, 'batchSize': 99999}
07:10:58,49 root INFO Validation metrics: 
    Accuracy: 0.7368
    Recall: 0.7276
    Precision: 0.7456.
07:10:58,49 root INFO Results - Best accuracy on test: 72.7395, finished on 72.4696
07:10:58,49 root INFO Training - small: {'lr': 0.01, 'epochs': 200, 'batchSize': 256}
07:11:26,419 root INFO Validation metrics: 
    Accuracy: 0.7099
    Recall: 0.6368
    Precision: 0.7512.
07:11:26,420 root INFO Results - Best accuracy on test: 73.1229, finished on 68.0003
07:11:26,420 root INFO Training - small: {'lr': 0.01, 'epochs': 200, 'batchSize': 512}
07:11:45,936 root INFO Validation metrics: 
    Accuracy: 0.7152
    Recall: 0.741
    Precision: 0.7088.
07:11:45,936 root INFO Results - Best accuracy on test: 72.6543, finished on 70.3216
07:11:45,936 root INFO Training - small: {'lr': 0.01, 'epochs': 200, 'batchSize': 99999}
07:12:03,608 root INFO Validation metrics: 
    Accuracy: 0.7389
    Recall: 0.7276
    Precision: 0.7486.
07:12:03,608 root INFO Results - Best accuracy on test: 72.8745, finished on 72.4696
07:12:03,608 root INFO Training - small: {'lr': 0.005, 'epochs': 25, 'batchSize': 256}
07:12:07,106 root INFO Validation metrics: 
    Accuracy: 0.7254
    Recall: 0.7944
    Precision: 0.7017.
07:12:07,107 root INFO Results - Best accuracy on test: 72.5969, finished on 71.1518
07:12:07,107 root INFO Training - small: {'lr': 0.005, 'epochs': 25, 'batchSize': 512}
07:12:09,639 root INFO Validation metrics: 
    Accuracy: 0.7341
    Recall: 0.717
    Precision: 0.7469.
07:12:09,640 root INFO Results - Best accuracy on test: 72.8572, finished on 72.3398
07:12:09,640 root INFO Training - small: {'lr': 0.005, 'epochs': 25, 'batchSize': 99999}
07:12:11,866 root INFO Validation metrics: 
    Accuracy: 0.7321
    Recall: 0.717
    Precision: 0.7438.
07:12:11,866 root INFO Results - Best accuracy on test: 72.3347, finished on 72.3347
07:12:11,866 root INFO Training - small: {'lr': 0.005, 'epochs': 50, 'batchSize': 256}
07:12:18,697 root INFO Validation metrics: 
    Accuracy: 0.72
    Recall: 0.7717
    Precision: 0.7032.
07:12:18,697 root INFO Results - Best accuracy on test: 72.7671, finished on 72.0245
07:12:18,697 root INFO Training - small: {'lr': 0.005, 'epochs': 50, 'batchSize': 512}
07:12:23,847 root INFO Validation metrics: 
    Accuracy: 0.7362
    Recall: 0.7049
    Precision: 0.7564.
07:12:23,847 root INFO Results - Best accuracy on test: 72.8265, finished on 72.2403
07:12:23,847 root INFO Training - small: {'lr': 0.005, 'epochs': 50, 'batchSize': 99999}
07:12:28,386 root INFO Validation metrics: 
    Accuracy: 0.7341
    Recall: 0.7183
    Precision: 0.7462.
07:12:28,387 root INFO Results - Best accuracy on test: 72.5371, finished on 72.1997
07:12:28,387 root INFO Training - small: {'lr': 0.005, 'epochs': 100, 'batchSize': 256}
07:12:42,191 root INFO Validation metrics: 
    Accuracy: 0.7166
    Recall: 0.7971
    Precision: 0.6902.
07:12:42,191 root INFO Results - Best accuracy on test: 72.6885, finished on 71.1524
07:12:42,191 root INFO Training - small: {'lr': 0.005, 'epochs': 100, 'batchSize': 512}
07:12:51,905 root INFO Validation metrics: 
    Accuracy: 0.7267
    Recall: 0.7263
    Precision: 0.7312.
07:12:51,906 root INFO Results - Best accuracy on test: 72.6847, finished on 71.8844
07:12:51,906 root INFO Training - small: {'lr': 0.005, 'epochs': 100, 'batchSize': 99999}
07:13:01,512 root INFO Validation metrics: 
    Accuracy: 0.7368
    Recall: 0.7223
    Precision: 0.7483.
07:13:01,513 root INFO Results - Best accuracy on test: 72.7395, finished on 72.6721
07:13:01,513 root INFO Training - small: {'lr': 0.005, 'epochs': 200, 'batchSize': 256}
07:13:29,995 root INFO Validation metrics: 
    Accuracy: 0.7092
    Recall: 0.745
    Precision: 0.6992.
07:13:29,996 root INFO Results - Best accuracy on test: 72.606, finished on 69.372
07:13:29,996 root INFO Training - small: {'lr': 0.005, 'epochs': 200, 'batchSize': 512}
07:13:48,909 root INFO Validation metrics: 
    Accuracy: 0.724
    Recall: 0.7223
    Precision: 0.7291.
07:13:48,909 root INFO Results - Best accuracy on test: 73.1674, finished on 71.0878
07:13:48,909 root INFO Training - small: {'lr': 0.005, 'epochs': 200, 'batchSize': 99999}
07:14:06,799 root INFO Validation metrics: 
    Accuracy: 0.7368
    Recall: 0.7303
    Precision: 0.7442.
07:14:06,799 root INFO Results - Best accuracy on test: 72.7395, finished on 72.1997
07:14:06,799 root INFO Training - small: {'lr': 0.001, 'epochs': 25, 'batchSize': 256}
07:14:10,214 root INFO Validation metrics: 
    Accuracy: 0.7335
    Recall: 0.7143
    Precision: 0.7472.
07:14:10,214 root INFO Results - Best accuracy on test: 72.7368, finished on 72.098
07:14:10,214 root INFO Training - small: {'lr': 0.001, 'epochs': 25, 'batchSize': 512}
07:14:12,580 root INFO Validation metrics: 
    Accuracy: 0.7314
    Recall: 0.725
    Precision: 0.7388.
07:14:12,581 root INFO Results - Best accuracy on test: 72.7958, finished on 71.9839
07:14:12,581 root INFO Training - small: {'lr': 0.001, 'epochs': 25, 'batchSize': 99999}
07:14:14,718 root INFO Validation metrics: 
    Accuracy: 0.7233
    Recall: 0.7704
    Precision: 0.708.
07:14:14,719 root INFO Results - Best accuracy on test: 70.9852, finished on 70.8502
07:14:14,719 root INFO Training - small: {'lr': 0.001, 'epochs': 50, 'batchSize': 256}
07:14:21,439 root INFO Validation metrics: 
    Accuracy: 0.7314
    Recall: 0.721
    Precision: 0.7407.
07:14:21,439 root INFO Results - Best accuracy on test: 73.1017, finished on 72.2888
07:14:21,439 root INFO Training - small: {'lr': 0.001, 'epochs': 50, 'batchSize': 512}
07:14:26,736 root INFO Validation metrics: 
    Accuracy: 0.7341
    Recall: 0.721
    Precision: 0.7448.
07:14:26,737 root INFO Results - Best accuracy on test: 72.7842, finished on 72.3248
07:14:26,737 root INFO Training - small: {'lr': 0.001, 'epochs': 50, 'batchSize': 99999}
07:14:31,169 root INFO Validation metrics: 
    Accuracy: 0.7294
    Recall: 0.729
    Precision: 0.7339.
07:14:31,169 root INFO Results - Best accuracy on test: 71.39, finished on 71.2551
07:14:31,169 root INFO Training - small: {'lr': 0.001, 'epochs': 100, 'batchSize': 256}
07:14:44,865 root INFO Validation metrics: 
    Accuracy: 0.7287
    Recall: 0.7543
    Precision: 0.7216.
07:14:44,865 root INFO Results - Best accuracy on test: 72.9321, finished on 71.7467
07:14:44,865 root INFO Training - small: {'lr': 0.001, 'epochs': 100, 'batchSize': 512}
07:14:54,908 root INFO Validation metrics: 
    Accuracy: 0.7362
    Recall: 0.6916
    Precision: 0.764.
07:14:54,909 root INFO Results - Best accuracy on test: 72.9033, finished on 72.2901
07:14:54,909 root INFO Training - small: {'lr': 0.001, 'epochs': 100, 'batchSize': 99999}
07:15:04,124 root INFO Validation metrics: 
    Accuracy: 0.7301
    Recall: 0.7196
    Precision: 0.7394.
07:15:04,124 root INFO Results - Best accuracy on test: 72.5371, finished on 71.9298
07:15:04,124 root INFO Training - small: {'lr': 0.001, 'epochs': 200, 'batchSize': 256}
07:15:32,653 root INFO Validation metrics: 
    Accuracy: 0.7301
    Recall: 0.7156
    Precision: 0.7414.
07:15:32,654 root INFO Results - Best accuracy on test: 72.8889, finished on 71.5688
07:15:32,654 root INFO Training - small: {'lr': 0.001, 'epochs': 200, 'batchSize': 512}
07:15:52,609 root INFO Validation metrics: 
    Accuracy: 0.7267
    Recall: 0.7623
    Precision: 0.7155.
07:15:52,610 root INFO Results - Best accuracy on test: 72.7424, finished on 72.1178
07:15:52,610 root INFO Training - small: {'lr': 0.001, 'epochs': 200, 'batchSize': 99999}
07:16:10,392 root INFO Validation metrics: 
    Accuracy: 0.7348
    Recall: 0.7223
    Precision: 0.7452.
07:16:10,392 root INFO Results - Best accuracy on test: 72.4696, finished on 72.3347
07:16:10,392 root INFO Training - small: {'lr': 0.0005, 'epochs': 25, 'batchSize': 256}
07:16:13,866 root INFO Validation metrics: 
    Accuracy: 0.7328
    Recall: 0.729
    Precision: 0.7388.
07:16:13,866 root INFO Results - Best accuracy on test: 72.9927, finished on 71.7248
07:16:13,866 root INFO Training - small: {'lr': 0.0005, 'epochs': 25, 'batchSize': 512}
07:16:16,281 root INFO Validation metrics: 
    Accuracy: 0.7362
    Recall: 0.725
    Precision: 0.7459.
07:16:16,281 root INFO Results - Best accuracy on test: 72.3748, finished on 72.2904
07:16:16,281 root INFO Training - small: {'lr': 0.0005, 'epochs': 25, 'batchSize': 99999}
07:16:18,433 root INFO Validation metrics: 
    Accuracy: 0.5439
    Recall: 0.1188
    Precision: 0.8476.
07:16:18,434 root INFO Results - Best accuracy on test: 55.1957, finished on 55.1957
07:16:18,434 root INFO Training - small: {'lr': 0.0005, 'epochs': 50, 'batchSize': 256}
07:16:25,965 root INFO Validation metrics: 
    Accuracy: 0.7328
    Recall: 0.7076
    Precision: 0.7496.
07:16:25,965 root INFO Results - Best accuracy on test: 72.8148, finished on 72.7452
07:16:25,966 root INFO Training - small: {'lr': 0.0005, 'epochs': 50, 'batchSize': 512}
07:16:30,784 root INFO Validation metrics: 
    Accuracy: 0.7321
    Recall: 0.7263
    Precision: 0.7391.
07:16:30,785 root INFO Results - Best accuracy on test: 72.4513, finished on 71.8844
07:16:30,785 root INFO Training - small: {'lr': 0.0005, 'epochs': 50, 'batchSize': 99999}
07:16:35,196 root INFO Validation metrics: 
    Accuracy: 0.7085
    Recall: 0.7984
    Precision: 0.6803.
07:16:35,197 root INFO Results - Best accuracy on test: 66.8691, finished on 66.8691
07:16:35,197 root INFO Training - small: {'lr': 0.0005, 'epochs': 100, 'batchSize': 256}
07:16:48,971 root INFO Validation metrics: 
    Accuracy: 0.7348
    Recall: 0.7477
    Precision: 0.733.
07:16:48,971 root INFO Results - Best accuracy on test: 72.8367, finished on 72.2373
07:16:48,971 root INFO Training - small: {'lr': 0.0005, 'epochs': 100, 'batchSize': 512}
07:16:59,220 root INFO Validation metrics: 
    Accuracy: 0.7355
    Recall: 0.721
    Precision: 0.7469.
07:16:59,221 root INFO Results - Best accuracy on test: 72.6466, finished on 72.5738
07:16:59,221 root INFO Training - small: {'lr': 0.0005, 'epochs': 100, 'batchSize': 99999}
07:17:07,799 root INFO Validation metrics: 
    Accuracy: 0.7348
    Recall: 0.8024
    Precision: 0.7104.
07:17:07,799 root INFO Results - Best accuracy on test: 71.5924, finished on 71.39
07:17:07,799 root INFO Training - small: {'lr': 0.0005, 'epochs': 200, 'batchSize': 256}
07:17:37,5 root INFO Validation metrics: 
    Accuracy: 0.7321
    Recall: 0.7477
    Precision: 0.7292.
07:17:37,6 root INFO Results - Best accuracy on test: 72.7014, finished on 72.2547
07:17:37,6 root INFO Training - small: {'lr': 0.0005, 'epochs': 200, 'batchSize': 512}
07:17:57,674 root INFO Validation metrics: 
    Accuracy: 0.7328
    Recall: 0.7236
    Precision: 0.7415.
07:17:57,674 root INFO Results - Best accuracy on test: 72.9644, finished on 72.1715
07:17:57,675 root INFO Training - small: {'lr': 0.0005, 'epochs': 200, 'batchSize': 99999}
07:18:15,535 root INFO Validation metrics: 
    Accuracy: 0.7314
    Recall: 0.7196
    Precision: 0.7414.
07:18:15,535 root INFO Results - Best accuracy on test: 72.6046, finished on 72.4022
07:18:15,536 root INFO Training - nano: {'lr': 0.01, 'epochs': 25, 'batchSize': 256}
07:18:18,897 root INFO Validation metrics: 
    Accuracy: 0.7389
    Recall: 0.7623
    Precision: 0.7321.
07:18:18,897 root INFO Results - Best accuracy on test: 72.5976, finished on 71.8724
07:18:18,897 root INFO Training - nano: {'lr': 0.01, 'epochs': 25, 'batchSize': 512}
07:18:21,340 root INFO Validation metrics: 
    Accuracy: 0.7395
    Recall: 0.7637
    Precision: 0.7324.
07:18:21,341 root INFO Results - Best accuracy on test: 72.7, finished on 71.5509
07:18:21,341 root INFO Training - nano: {'lr': 0.01, 'epochs': 25, 'batchSize': 99999}
07:18:23,789 root INFO Validation metrics: 
    Accuracy: 0.7341
    Recall: 0.7183
    Precision: 0.7462.
07:18:23,789 root INFO Results - Best accuracy on test: 72.2672, finished on 72.2672
07:18:23,789 root INFO Training - nano: {'lr': 0.01, 'epochs': 50, 'batchSize': 256}
07:18:30,728 root INFO Validation metrics: 
    Accuracy: 0.7402
    Recall: 0.769
    Precision: 0.731.
07:18:30,729 root INFO Results - Best accuracy on test: 72.9927, finished on 72.1767
07:18:30,729 root INFO Training - nano: {'lr': 0.01, 'epochs': 50, 'batchSize': 512}
07:18:35,467 root INFO Validation metrics: 
    Accuracy: 0.7395
    Recall: 0.6983
    Precision: 0.7657.
07:18:35,467 root INFO Results - Best accuracy on test: 72.6045, finished on 72.1832
07:18:35,467 root INFO Training - nano: {'lr': 0.01, 'epochs': 50, 'batchSize': 99999}
07:18:39,995 root INFO Validation metrics: 
    Accuracy: 0.7321
    Recall: 0.7236
    Precision: 0.7404.
07:18:39,995 root INFO Results - Best accuracy on test: 72.5371, finished on 71.9298
07:18:39,995 root INFO Training - nano: {'lr': 0.01, 'epochs': 100, 'batchSize': 256}
07:18:53,784 root INFO Validation metrics: 
    Accuracy: 0.7402
    Recall: 0.7316
    Precision: 0.7486.
07:18:53,784 root INFO Results - Best accuracy on test: 72.8058, finished on 72.3759
07:18:53,784 root INFO Training - nano: {'lr': 0.01, 'epochs': 100, 'batchSize': 512}
07:19:03,869 root INFO Validation metrics: 
    Accuracy: 0.7348
    Recall: 0.7864
    Precision: 0.7165.
07:19:03,869 root INFO Results - Best accuracy on test: 72.9414, finished on 72.1638
07:19:03,869 root INFO Training - nano: {'lr': 0.01, 'epochs': 100, 'batchSize': 99999}
07:19:13,975 root INFO Validation metrics: 
    Accuracy: 0.7328
    Recall: 0.7196
    Precision: 0.7434.
07:19:13,976 root INFO Results - Best accuracy on test: 72.6721, finished on 72.0648
07:19:13,977 root INFO Training - nano: {'lr': 0.01, 'epochs': 200, 'batchSize': 256}
07:19:43,514 root INFO Validation metrics: 
    Accuracy: 0.7247
    Recall: 0.733
    Precision: 0.7252.
07:19:43,517 root INFO Results - Best accuracy on test: 73.023, finished on 71.7944
07:19:43,517 root INFO Training - nano: {'lr': 0.01, 'epochs': 200, 'batchSize': 512}
07:20:04,218 root INFO Validation metrics: 
    Accuracy: 0.7362
    Recall: 0.7437
    Precision: 0.7368.
07:20:04,218 root INFO Results - Best accuracy on test: 72.9414, finished on 72.045
07:20:04,218 root INFO Training - nano: {'lr': 0.01, 'epochs': 200, 'batchSize': 99999}
07:20:23,620 root INFO Validation metrics: 
    Accuracy: 0.7382
    Recall: 0.7303
    Precision: 0.7462.
07:20:23,620 root INFO Results - Best accuracy on test: 72.5371, finished on 72.4022
07:20:23,621 root INFO Training - nano: {'lr': 0.005, 'epochs': 25, 'batchSize': 256}
07:20:27,708 root INFO Validation metrics: 
    Accuracy: 0.7341
    Recall: 0.733
    Precision: 0.7389.
07:20:27,709 root INFO Results - Best accuracy on test: 72.8754, finished on 72.0117
07:20:27,709 root INFO Training - nano: {'lr': 0.005, 'epochs': 25, 'batchSize': 512}
07:20:30,375 root INFO Validation metrics: 
    Accuracy: 0.7341
    Recall: 0.7223
    Precision: 0.7442.
07:20:30,376 root INFO Results - Best accuracy on test: 72.6042, finished on 72.3134
07:20:30,376 root INFO Training - nano: {'lr': 0.005, 'epochs': 25, 'batchSize': 99999}
07:20:32,789 root INFO Validation metrics: 
    Accuracy: 0.7287
    Recall: 0.7276
    Precision: 0.7335.
07:20:32,789 root INFO Results - Best accuracy on test: 69.2982, finished on 69.2982
07:20:32,789 root INFO Training - nano: {'lr': 0.005, 'epochs': 50, 'batchSize': 256}
07:20:40,72 root INFO Validation metrics: 
    Accuracy: 0.7335
    Recall: 0.7183
    Precision: 0.7452.
07:20:40,72 root INFO Results - Best accuracy on test: 72.9102, finished on 72.2328
07:20:40,72 root INFO Training - nano: {'lr': 0.005, 'epochs': 50, 'batchSize': 512}
07:20:45,342 root INFO Validation metrics: 
    Accuracy: 0.7355
    Recall: 0.7116
    Precision: 0.7518.
07:20:45,342 root INFO Results - Best accuracy on test: 72.8803, finished on 72.685
07:20:45,343 root INFO Training - nano: {'lr': 0.005, 'epochs': 50, 'batchSize': 99999}
07:20:50,288 root INFO Validation metrics: 
    Accuracy: 0.7308
    Recall: 0.7103
    Precision: 0.7451.
07:20:50,288 root INFO Results - Best accuracy on test: 72.6046, finished on 72.6046
07:20:50,288 root INFO Training - nano: {'lr': 0.005, 'epochs': 100, 'batchSize': 256}
07:21:05,661 root INFO Validation metrics: 
    Accuracy: 0.7368
    Recall: 0.765
    Precision: 0.7281.
07:21:05,661 root INFO Results - Best accuracy on test: 72.9366, finished on 72.0548
07:21:05,661 root INFO Training - nano: {'lr': 0.005, 'epochs': 100, 'batchSize': 512}
07:21:16,483 root INFO Validation metrics: 
    Accuracy: 0.7395
    Recall: 0.7223
    Precision: 0.7524.
07:21:16,483 root INFO Results - Best accuracy on test: 72.8993, finished on 72.6159
07:21:16,483 root INFO Training - nano: {'lr': 0.005, 'epochs': 100, 'batchSize': 99999}
07:21:27,450 root INFO Validation metrics: 
    Accuracy: 0.7335
    Recall: 0.7223
    Precision: 0.7431.
07:21:27,451 root INFO Results - Best accuracy on test: 72.4022, finished on 72.0648
07:21:27,451 root INFO Training - nano: {'lr': 0.005, 'epochs': 200, 'batchSize': 256}
07:21:59,534 root INFO Validation metrics: 
    Accuracy: 0.7362
    Recall: 0.7236
    Precision: 0.7466.
07:21:59,534 root INFO Results - Best accuracy on test: 72.7845, finished on 71.6597
07:21:59,535 root INFO Training - nano: {'lr': 0.005, 'epochs': 200, 'batchSize': 512}
07:22:22,147 root INFO Validation metrics: 
    Accuracy: 0.7375
    Recall: 0.6809
    Precision: 0.7727.
07:22:22,147 root INFO Results - Best accuracy on test: 73.0219, finished on 72.3327
07:22:22,147 root INFO Training - nano: {'lr': 0.005, 'epochs': 200, 'batchSize': 99999}
07:22:43,632 root INFO Validation metrics: 
    Accuracy: 0.7389
    Recall: 0.729
    Precision: 0.7479.
07:22:43,632 root INFO Results - Best accuracy on test: 72.4022, finished on 72.2672
07:22:43,634 root INFO Training - nano: {'lr': 0.001, 'epochs': 25, 'batchSize': 256}
07:22:47,664 root INFO Validation metrics: 
    Accuracy: 0.7362
    Recall: 0.7143
    Precision: 0.7514.
07:22:47,664 root INFO Results - Best accuracy on test: 72.3804, finished on 72.2328
07:22:47,664 root INFO Training - nano: {'lr': 0.001, 'epochs': 25, 'batchSize': 512}
07:22:50,422 root INFO Validation metrics: 
    Accuracy: 0.7301
    Recall: 0.7236
    Precision: 0.7374.
07:22:50,422 root INFO Results - Best accuracy on test: 72.8342, finished on 72.2904
07:22:50,423 root INFO Training - nano: {'lr': 0.001, 'epochs': 25, 'batchSize': 99999}
07:22:53,229 root INFO Validation metrics: 
    Accuracy: 0.6788
    Recall: 0.5968
    Precision: 0.7198.
07:22:53,229 root INFO Results - Best accuracy on test: 69.0283, finished on 69.0283
07:22:53,229 root INFO Training - nano: {'lr': 0.001, 'epochs': 50, 'batchSize': 256}
07:23:01,685 root INFO Validation metrics: 
    Accuracy: 0.7348
    Recall: 0.717
    Precision: 0.7479.
07:23:01,685 root INFO Results - Best accuracy on test: 72.9231, finished on 72.1238
07:23:01,685 root INFO Training - nano: {'lr': 0.001, 'epochs': 50, 'batchSize': 512}
07:23:07,601 root INFO Validation metrics: 
    Accuracy: 0.7335
    Recall: 0.7316
    Precision: 0.7385.
07:23:07,601 root INFO Results - Best accuracy on test: 72.3975, finished on 71.846
07:23:07,601 root INFO Training - nano: {'lr': 0.001, 'epochs': 50, 'batchSize': 99999}
07:23:12,951 root INFO Validation metrics: 
    Accuracy: 0.7065
    Recall: 0.6676
    Precision: 0.7289.
07:23:12,951 root INFO Results - Best accuracy on test: 69.9055, finished on 69.6356
07:23:12,951 root INFO Training - nano: {'lr': 0.001, 'epochs': 100, 'batchSize': 256}
07:23:30,131 root INFO Validation metrics: 
    Accuracy: 0.7335
    Recall: 0.7316
    Precision: 0.7385.
07:23:30,131 root INFO Results - Best accuracy on test: 72.8193, finished on 71.8247
07:23:30,131 root INFO Training - nano: {'lr': 0.001, 'epochs': 100, 'batchSize': 512}
07:23:41,724 root INFO Validation metrics: 
    Accuracy: 0.7362
    Recall: 0.7263
    Precision: 0.7452.
07:23:41,725 root INFO Results - Best accuracy on test: 72.4055, finished on 72.049
07:23:41,725 root INFO Training - nano: {'lr': 0.001, 'epochs': 100, 'batchSize': 99999}
07:23:52,576 root INFO Validation metrics: 
    Accuracy: 0.7321
    Recall: 0.6449
    Precision: 0.7866.
07:23:52,576 root INFO Results - Best accuracy on test: 69.9055, finished on 69.9055
07:23:52,576 root INFO Training - nano: {'lr': 0.001, 'epochs': 200, 'batchSize': 256}
07:24:26,761 root INFO Validation metrics: 
    Accuracy: 0.7382
    Recall: 0.721
    Precision: 0.751.
07:24:26,761 root INFO Results - Best accuracy on test: 73.2145, finished on 72.5712
07:24:26,761 root INFO Training - nano: {'lr': 0.001, 'epochs': 200, 'batchSize': 512}
07:24:50,185 root INFO Validation metrics: 
    Accuracy: 0.7348
    Recall: 0.7223
    Precision: 0.7452.
07:24:50,186 root INFO Results - Best accuracy on test: 72.7882, finished on 72.4322
07:24:50,186 root INFO Training - nano: {'lr': 0.001, 'epochs': 200, 'batchSize': 99999}
07:25:12,184 root INFO Validation metrics: 
    Accuracy: 0.7335
    Recall: 0.7263
    Precision: 0.7411.
07:25:12,185 root INFO Results - Best accuracy on test: 71.7274, finished on 71.6599
07:25:12,185 root INFO Training - nano: {'lr': 0.0005, 'epochs': 25, 'batchSize': 256}
07:25:16,171 root INFO Validation metrics: 
    Accuracy: 0.7368
    Recall: 0.7183
    Precision: 0.7503.
07:25:16,171 root INFO Results - Best accuracy on test: 72.4629, finished on 72.4629
07:25:16,171 root INFO Training - nano: {'lr': 0.0005, 'epochs': 25, 'batchSize': 512}
07:25:19,219 root INFO Validation metrics: 
    Accuracy: 0.7355
    Recall: 0.7397
    Precision: 0.7377.
07:25:19,219 root INFO Results - Best accuracy on test: 71.873, finished on 71.5088
07:25:19,220 root INFO Training - nano: {'lr': 0.0005, 'epochs': 25, 'batchSize': 99999}
07:25:22,100 root INFO Validation metrics: 
    Accuracy: 0.5081
    Recall: 1.0
    Precision: 0.5068.
07:25:22,100 root INFO Results - Best accuracy on test: 49.3252, finished on 49.1228
07:25:22,101 root INFO Training - nano: {'lr': 0.0005, 'epochs': 50, 'batchSize': 256}
07:25:30,761 root INFO Validation metrics: 
    Accuracy: 0.7328
    Recall: 0.721
    Precision: 0.7428.
07:25:30,761 root INFO Results - Best accuracy on test: 72.6369, finished on 72.0026
07:25:30,761 root INFO Training - nano: {'lr': 0.0005, 'epochs': 50, 'batchSize': 512}
07:25:36,750 root INFO Validation metrics: 
    Accuracy: 0.7355
    Recall: 0.7196
    Precision: 0.7476.
07:25:36,750 root INFO Results - Best accuracy on test: 72.6543, finished on 72.3555
07:25:36,750 root INFO Training - nano: {'lr': 0.0005, 'epochs': 50, 'batchSize': 99999}
07:25:42,299 root INFO Validation metrics: 
    Accuracy: 0.6829
    Recall: 0.773
    Precision: 0.6587.
07:25:42,300 root INFO Results - Best accuracy on test: 63.7652, finished on 63.5628
07:25:42,300 root INFO Training - nano: {'lr': 0.0005, 'epochs': 100, 'batchSize': 256}
07:25:58,423 root INFO Validation metrics: 
    Accuracy: 0.7355
    Recall: 0.7183
    Precision: 0.7483.
07:25:58,423 root INFO Results - Best accuracy on test: 72.5499, finished on 72.0329
07:25:58,423 root INFO Training - nano: {'lr': 0.0005, 'epochs': 100, 'batchSize': 512}
07:26:09,590 root INFO Validation metrics: 
    Accuracy: 0.7328
    Recall: 0.7236
    Precision: 0.7415.
07:26:09,591 root INFO Results - Best accuracy on test: 72.5317, finished on 71.9839
07:26:09,591 root INFO Training - nano: {'lr': 0.0005, 'epochs': 100, 'batchSize': 99999}
07:26:20,429 root INFO Validation metrics: 
    Accuracy: 0.7132
    Recall: 0.5607
    Precision: 0.814.
07:26:20,430 root INFO Results - Best accuracy on test: 69.973, finished on 69.7706
07:26:20,430 root INFO Training - nano: {'lr': 0.0005, 'epochs': 200, 'batchSize': 256}
07:26:53,28 root INFO Validation metrics: 
    Accuracy: 0.7328
    Recall: 0.725
    Precision: 0.7408.
07:26:53,29 root INFO Results - Best accuracy on test: 72.9495, finished on 71.9768
07:26:53,29 root INFO Training - nano: {'lr': 0.0005, 'epochs': 200, 'batchSize': 512}
07:27:15,529 root INFO Validation metrics: 
    Accuracy: 0.7355
    Recall: 0.7183
    Precision: 0.7483.
07:27:15,530 root INFO Results - Best accuracy on test: 72.7117, finished on 72.4282
07:27:15,530 root INFO Training - nano: {'lr': 0.0005, 'epochs': 200, 'batchSize': 99999}
07:27:36,822 root INFO Validation metrics: 
    Accuracy: 0.7321
    Recall: 0.737
    Precision: 0.734.
07:27:36,822 root INFO Results - Best accuracy on test: 69.7706, finished on 69.7706
07:27:36,822 root INFO Training - LeakyNano: {'lr': 0.01, 'epochs': 25, 'batchSize': 256}
07:27:40,880 root INFO Validation metrics: 
    Accuracy: 0.7375
    Recall: 0.7744
    Precision: 0.725.
07:27:40,880 root INFO Results - Best accuracy on test: 72.8103, finished on 71.8292
07:27:40,880 root INFO Training - LeakyNano: {'lr': 0.01, 'epochs': 25, 'batchSize': 512}
07:27:43,647 root INFO Validation metrics: 
    Accuracy: 0.7368
    Recall: 0.733
    Precision: 0.7429.
07:27:43,648 root INFO Results - Best accuracy on test: 72.7344, finished on 71.9953
07:27:43,652 root INFO Training - LeakyNano: {'lr': 0.01, 'epochs': 25, 'batchSize': 99999}
07:27:46,383 root INFO Validation metrics: 
    Accuracy: 0.7375
    Recall: 0.713
    Precision: 0.7542.
07:27:46,383 root INFO Results - Best accuracy on test: 72.5371, finished on 72.5371
07:27:46,383 root INFO Training - LeakyNano: {'lr': 0.01, 'epochs': 50, 'batchSize': 256}
07:27:54,717 root INFO Validation metrics: 
    Accuracy: 0.7395
    Recall: 0.7049
    Precision: 0.7619.
07:27:54,717 root INFO Results - Best accuracy on test: 72.8496, finished on 72.2025
07:27:54,717 root INFO Training - LeakyNano: {'lr': 0.01, 'epochs': 50, 'batchSize': 512}
07:28:00,528 root INFO Validation metrics: 
    Accuracy: 0.7341
    Recall: 0.6983
    Precision: 0.7569.
07:28:00,528 root INFO Results - Best accuracy on test: 72.8265, finished on 71.9188
07:28:00,528 root INFO Training - LeakyNano: {'lr': 0.01, 'epochs': 50, 'batchSize': 99999}
07:28:05,975 root INFO Validation metrics: 
    Accuracy: 0.7301
    Recall: 0.7276
    Precision: 0.7355.
07:28:05,975 root INFO Results - Best accuracy on test: 72.4022, finished on 71.7949
07:28:05,976 root INFO Training - LeakyNano: {'lr': 0.01, 'epochs': 100, 'batchSize': 256}
07:28:21,692 root INFO Validation metrics: 
    Accuracy: 0.7355
    Recall: 0.7477
    Precision: 0.7339.
07:28:21,692 root INFO Results - Best accuracy on test: 72.9882, finished on 72.39
07:28:21,692 root INFO Training - LeakyNano: {'lr': 0.01, 'epochs': 100, 'batchSize': 512}
07:28:32,833 root INFO Validation metrics: 
    Accuracy: 0.7368
    Recall: 0.7223
    Precision: 0.7483.
07:28:32,833 root INFO Results - Best accuracy on test: 72.9531, finished on 72.3094
07:28:32,833 root INFO Training - LeakyNano: {'lr': 0.01, 'epochs': 100, 'batchSize': 99999}
07:28:43,206 root INFO Validation metrics: 
    Accuracy: 0.7335
    Recall: 0.7183
    Precision: 0.7452.
07:28:43,207 root INFO Results - Best accuracy on test: 72.8745, finished on 72.4022
07:28:43,207 root INFO Training - LeakyNano: {'lr': 0.01, 'epochs': 200, 'batchSize': 256}
07:29:15,411 root INFO Validation metrics: 
    Accuracy: 0.7328
    Recall: 0.7343
    Precision: 0.7363.
07:29:15,412 root INFO Results - Best accuracy on test: 72.6498, finished on 71.8421
07:29:15,412 root INFO Training - LeakyNano: {'lr': 0.01, 'epochs': 200, 'batchSize': 512}
07:29:38,231 root INFO Validation metrics: 
    Accuracy: 0.7341
    Recall: 0.6822
    Precision: 0.7661.
07:29:38,231 root INFO Results - Best accuracy on test: 72.8763, finished on 71.2754
07:29:38,231 root INFO Training - LeakyNano: {'lr': 0.01, 'epochs': 200, 'batchSize': 99999}
07:29:59,513 root INFO Validation metrics: 
    Accuracy: 0.7402
    Recall: 0.7316
    Precision: 0.7486.
07:29:59,513 root INFO Results - Best accuracy on test: 72.6721, finished on 72.5371
07:29:59,513 root INFO Training - LeakyNano: {'lr': 0.005, 'epochs': 25, 'batchSize': 256}
07:30:03,562 root INFO Validation metrics: 
    Accuracy: 0.7362
    Recall: 0.725
    Precision: 0.7459.
07:30:03,563 root INFO Results - Best accuracy on test: 72.4758, finished on 72.1071
07:30:03,563 root INFO Training - LeakyNano: {'lr': 0.005, 'epochs': 25, 'batchSize': 512}
07:30:06,340 root INFO Validation metrics: 
    Accuracy: 0.7355
    Recall: 0.7236
    Precision: 0.7455.
07:30:06,341 root INFO Results - Best accuracy on test: 72.8149, finished on 72.4396
07:30:06,341 root INFO Training - LeakyNano: {'lr': 0.005, 'epochs': 25, 'batchSize': 99999}
07:30:08,932 root INFO Validation metrics: 
    Accuracy: 0.7341
    Recall: 0.765
    Precision: 0.7244.
07:30:08,932 root INFO Results - Best accuracy on test: 70.4453, finished on 70.108
07:30:08,933 root INFO Training - LeakyNano: {'lr': 0.005, 'epochs': 50, 'batchSize': 256}
07:30:16,716 root INFO Validation metrics: 
    Accuracy: 0.7368
    Recall: 0.7343
    Precision: 0.7422.
07:30:16,716 root INFO Results - Best accuracy on test: 72.8799, finished on 71.7725
07:30:16,716 root INFO Training - LeakyNano: {'lr': 0.005, 'epochs': 50, 'batchSize': 512}
07:30:22,501 root INFO Validation metrics: 
    Accuracy: 0.7362
    Recall: 0.7009
    Precision: 0.7587.
07:30:22,501 root INFO Results - Best accuracy on test: 72.7731, finished on 72.474
07:30:22,501 root INFO Training - LeakyNano: {'lr': 0.005, 'epochs': 50, 'batchSize': 99999}
07:30:28,148 root INFO Validation metrics: 
    Accuracy: 0.7368
    Recall: 0.7303
    Precision: 0.7442.
07:30:28,148 root INFO Results - Best accuracy on test: 71.2551, finished on 71.1876
07:30:28,148 root INFO Training - LeakyNano: {'lr': 0.005, 'epochs': 100, 'batchSize': 256}
07:30:43,852 root INFO Validation metrics: 
    Accuracy: 0.7382
    Recall: 0.737
    Precision: 0.7429.
07:30:43,858 root INFO Results - Best accuracy on test: 72.9753, finished on 72.129
07:30:43,858 root INFO Training - LeakyNano: {'lr': 0.005, 'epochs': 100, 'batchSize': 512}
07:30:55,484 root INFO Validation metrics: 
    Accuracy: 0.7348
    Recall: 0.7236
    Precision: 0.7445.
07:30:55,484 root INFO Results - Best accuracy on test: 72.8536, finished on 72.3748
07:30:55,485 root INFO Training - LeakyNano: {'lr': 0.005, 'epochs': 100, 'batchSize': 99999}
07:31:05,658 root INFO Validation metrics: 
    Accuracy: 0.7368
    Recall: 0.721
    Precision: 0.749.
07:31:05,658 root INFO Results - Best accuracy on test: 72.4696, finished on 72.2672
07:31:05,658 root INFO Training - LeakyNano: {'lr': 0.005, 'epochs': 200, 'batchSize': 256}
07:31:37,374 root INFO Validation metrics: 
    Accuracy: 0.7368
    Recall: 0.6782
    Precision: 0.7732.
07:31:37,374 root INFO Results - Best accuracy on test: 72.867, finished on 71.942
07:31:37,374 root INFO Training - LeakyNano: {'lr': 0.005, 'epochs': 200, 'batchSize': 512}
07:31:58,758 root INFO Validation metrics: 
    Accuracy: 0.7382
    Recall: 0.7263
    Precision: 0.7483.
07:31:58,759 root INFO Results - Best accuracy on test: 72.7268, finished on 72.0223
07:31:58,759 root INFO Training - LeakyNano: {'lr': 0.005, 'epochs': 200, 'batchSize': 99999}
07:32:18,587 root INFO Validation metrics: 
    Accuracy: 0.7368
    Recall: 0.7316
    Precision: 0.7436.
07:32:18,587 root INFO Results - Best accuracy on test: 72.4696, finished on 72.1323
07:32:18,587 root INFO Training - LeakyNano: {'lr': 0.001, 'epochs': 25, 'batchSize': 256}
07:32:22,391 root INFO Validation metrics: 
    Accuracy: 0.7382
    Recall: 0.7023
    Precision: 0.7612.
07:32:22,392 root INFO Results - Best accuracy on test: 72.7845, finished on 72.1199
07:32:22,392 root INFO Training - LeakyNano: {'lr': 0.001, 'epochs': 25, 'batchSize': 512}
07:32:25,72 root INFO Validation metrics: 
    Accuracy: 0.7341
    Recall: 0.737
    Precision: 0.737.
07:32:25,72 root INFO Results - Best accuracy on test: 72.3938, finished on 72.3938
07:32:25,72 root INFO Training - LeakyNano: {'lr': 0.001, 'epochs': 25, 'batchSize': 99999}
07:32:27,555 root INFO Validation metrics: 
    Accuracy: 0.6606
    Recall: 0.4713
    Precision: 0.7674.
07:32:27,556 root INFO Results - Best accuracy on test: 63.9676, finished on 63.9676
07:32:27,556 root INFO Training - LeakyNano: {'lr': 0.001, 'epochs': 50, 'batchSize': 256}
07:32:35,178 root INFO Validation metrics: 
    Accuracy: 0.7287
    Recall: 0.7303
    Precision: 0.7323.
07:32:35,179 root INFO Results - Best accuracy on test: 72.5847, finished on 72.1071
07:32:35,179 root INFO Training - LeakyNano: {'lr': 0.001, 'epochs': 50, 'batchSize': 512}
07:32:40,609 root INFO Validation metrics: 
    Accuracy: 0.7335
    Recall: 0.725
    Precision: 0.7418.
07:32:40,609 root INFO Results - Best accuracy on test: 72.6236, finished on 72.1715
07:32:40,609 root INFO Training - LeakyNano: {'lr': 0.001, 'epochs': 50, 'batchSize': 99999}
07:32:45,634 root INFO Validation metrics: 
    Accuracy: 0.7179
    Recall: 0.7116
    Precision: 0.7252.
07:32:45,634 root INFO Results - Best accuracy on test: 68.556, finished on 68.3536
07:32:45,634 root INFO Training - LeakyNano: {'lr': 0.001, 'epochs': 100, 'batchSize': 256}
07:33:00,850 root INFO Validation metrics: 
    Accuracy: 0.7368
    Recall: 0.7196
    Precision: 0.7497.
07:33:00,851 root INFO Results - Best accuracy on test: 72.8148, finished on 72.5544
07:33:00,851 root INFO Training - LeakyNano: {'lr': 0.001, 'epochs': 100, 'batchSize': 512}
07:33:11,474 root INFO Validation metrics: 
    Accuracy: 0.7382
    Recall: 0.717
    Precision: 0.7532.
07:33:11,474 root INFO Results - Best accuracy on test: 72.4933, finished on 72.2213
07:33:11,474 root INFO Training - LeakyNano: {'lr': 0.001, 'epochs': 100, 'batchSize': 99999}
07:33:20,829 root INFO Validation metrics: 
    Accuracy: 0.7294
    Recall: 0.7276
    Precision: 0.7345.
07:33:20,829 root INFO Results - Best accuracy on test: 72.0648, finished on 71.9298
07:33:20,830 root INFO Training - LeakyNano: {'lr': 0.001, 'epochs': 200, 'batchSize': 256}
07:33:50,288 root INFO Validation metrics: 
    Accuracy: 0.7416
    Recall: 0.7397
    Precision: 0.7466.
07:33:50,289 root INFO Results - Best accuracy on test: 72.7845, finished on 71.6816
07:33:50,289 root INFO Training - LeakyNano: {'lr': 0.001, 'epochs': 200, 'batchSize': 512}
07:34:11,690 root INFO Validation metrics: 
    Accuracy: 0.7355
    Recall: 0.7263
    Precision: 0.7442.
07:34:11,690 root INFO Results - Best accuracy on test: 72.727, finished on 72.4817
07:34:11,691 root INFO Training - LeakyNano: {'lr': 0.001, 'epochs': 200, 'batchSize': 99999}
07:34:31,748 root INFO Validation metrics: 
    Accuracy: 0.7375
    Recall: 0.7276
    Precision: 0.7466.
07:34:31,749 root INFO Results - Best accuracy on test: 71.6599, finished on 71.5924
07:34:31,749 root INFO Training - LeakyNano: {'lr': 0.0005, 'epochs': 25, 'batchSize': 256}
07:34:35,386 root INFO Validation metrics: 
    Accuracy: 0.7341
    Recall: 0.7156
    Precision: 0.7476.
07:34:35,386 root INFO Results - Best accuracy on test: 72.1328, finished on 72.1328
07:34:35,391 root INFO Training - LeakyNano: {'lr': 0.0005, 'epochs': 25, 'batchSize': 512}
07:34:38,80 root INFO Validation metrics: 
    Accuracy: 0.7294
    Recall: 0.7356
    Precision: 0.7308.
07:34:38,80 root INFO Results - Best accuracy on test: 71.195, finished on 71.1222
07:34:38,80 root INFO Training - LeakyNano: {'lr': 0.0005, 'epochs': 25, 'batchSize': 99999}
07:34:40,623 root INFO Validation metrics: 
    Accuracy: 0.67
    Recall: 0.6449
    Precision: 0.6841.
07:34:40,623 root INFO Results - Best accuracy on test: 67.9487, finished on 67.9487
07:34:40,624 root INFO Training - LeakyNano: {'lr': 0.0005, 'epochs': 50, 'batchSize': 256}
07:34:48,409 root INFO Validation metrics: 
    Accuracy: 0.7348
    Recall: 0.7223
    Precision: 0.7452.
07:34:48,409 root INFO Results - Best accuracy on test: 72.372, finished on 72.0374
07:34:48,411 root INFO Training - LeakyNano: {'lr': 0.0005, 'epochs': 50, 'batchSize': 512}
07:34:54,86 root INFO Validation metrics: 
    Accuracy: 0.7341
    Recall: 0.7263
    Precision: 0.7422.
07:34:54,87 root INFO Results - Best accuracy on test: 72.4857, finished on 72.1294
07:34:54,87 root INFO Training - LeakyNano: {'lr': 0.0005, 'epochs': 50, 'batchSize': 99999}
07:34:59,717 root INFO Validation metrics: 
    Accuracy: 0.612
    Recall: 0.3231
    Precision: 0.7806.
07:34:59,717 root INFO Results - Best accuracy on test: 60.2564, finished on 60.2564
07:34:59,717 root INFO Training - LeakyNano: {'lr': 0.0005, 'epochs': 100, 'batchSize': 256}
07:35:14,813 root INFO Validation metrics: 
    Accuracy: 0.7314
    Recall: 0.7263
    Precision: 0.7381.
07:35:14,813 root INFO Results - Best accuracy on test: 72.4197, finished on 71.9027
07:35:14,813 root INFO Training - LeakyNano: {'lr': 0.0005, 'epochs': 100, 'batchSize': 512}
07:35:26,274 root INFO Validation metrics: 
    Accuracy: 0.7314
    Recall: 0.725
    Precision: 0.7388.
07:35:26,275 root INFO Results - Best accuracy on test: 72.4703, finished on 72.0069
07:35:26,275 root INFO Training - LeakyNano: {'lr': 0.0005, 'epochs': 100, 'batchSize': 99999}
07:35:36,394 root INFO Validation metrics: 
    Accuracy: 0.7287
    Recall: 0.7143
    Precision: 0.74.
07:35:36,395 root INFO Results - Best accuracy on test: 70.2429, finished on 69.5007
07:35:36,395 root INFO Training - LeakyNano: {'lr': 0.0005, 'epochs': 200, 'batchSize': 256}
07:36:07,107 root INFO Validation metrics: 
    Accuracy: 0.7362
    Recall: 0.7143
    Precision: 0.7514.
07:36:07,108 root INFO Results - Best accuracy on test: 72.9753, finished on 72.8013
07:36:07,108 root INFO Training - LeakyNano: {'lr': 0.0005, 'epochs': 200, 'batchSize': 512}
07:36:29,327 root INFO Validation metrics: 
    Accuracy: 0.7368
    Recall: 0.7276
    Precision: 0.7456.
07:36:29,328 root INFO Results - Best accuracy on test: 72.7231, finished on 72.2099
07:36:29,328 root INFO Training - LeakyNano: {'lr': 0.0005, 'epochs': 200, 'batchSize': 99999}
07:36:48,950 root INFO Validation metrics: 
    Accuracy: 0.7294
    Recall: 0.725
    Precision: 0.7358.
07:36:48,950 root INFO Results - Best accuracy on test: 71.9298, finished on 71.8623
